<?xml version="1.0" encoding="UTF-8"?>
<!-- Generated by org.testng.reporters.JUnitReportReporter -->
<testsuite hostname="fv-az1437-197" failures="0" tests="2" name="com.example.demo.runner.TestRunner" time="19.190" errors="0" timestamp="2024-11-03T07:28:45 UTC" skipped="0">
  <testcase classname="com.example.demo.runner.TestRunner" name="runScenario" time="9.567"/>
  <testcase classname="com.example.demo.runner.TestRunner" name="runScenario" time="9.623"/>
</testsuite> <!-- com.example.demo.runner.TestRunner -->
