<?xml version="1.0" encoding="UTF-8"?>
<!-- Generated by org.testng.reporters.JUnitReportReporter -->
<testsuite hostname="fv-az1024-670" failures="0" tests="2" name="com.example.demo.runner.TestRunner" time="17.441" errors="0" timestamp="2024-11-03T09:42:13 UTC" skipped="0">
  <testcase classname="com.example.demo.runner.TestRunner" name="runScenario" time="8.706"/>
  <testcase classname="com.example.demo.runner.TestRunner" name="runScenario" time="8.735"/>
</testsuite> <!-- com.example.demo.runner.TestRunner -->
