<?xml version="1.0" encoding="UTF-8"?>
<!-- Generated by org.testng.reporters.JUnitReportReporter -->
<testsuite hostname="fv-az1016-35" failures="0" tests="2" name="com.example.demo.runner.TestRunner" time="16.269" errors="0" timestamp="2024-11-03T07:48:59 UTC" skipped="0">
  <testcase classname="com.example.demo.runner.TestRunner" name="runScenario" time="8.117"/>
  <testcase classname="com.example.demo.runner.TestRunner" name="runScenario" time="8.152"/>
</testsuite> <!-- com.example.demo.runner.TestRunner -->
