<?xml version="1.0" encoding="UTF-8"?>
<!-- Generated by org.testng.reporters.JUnitReportReporter -->
<testsuite hostname="fv-az740-670" failures="0" tests="2" name="com.example.demo.runner.TestRunner" time="44.264" errors="0" timestamp="2024-11-03T07:25:18 UTC" skipped="0">
  <testcase classname="com.example.demo.runner.TestRunner" name="runScenario" time="22.173"/>
  <testcase classname="com.example.demo.runner.TestRunner" name="runScenario" time="22.091"/>
</testsuite> <!-- com.example.demo.runner.TestRunner -->
