<?xml version="1.0" encoding="UTF-8"?>
<!-- Generated by org.testng.reporters.JUnitReportReporter -->
<testsuite hostname="fv-az1771-323" failures="0" tests="2" name="com.example.demo.runner.TestRunner" time="40.703" errors="0" timestamp="2024-11-03T09:43:28 UTC" skipped="0">
  <testcase classname="com.example.demo.runner.TestRunner" name="runScenario" time="20.337"/>
  <testcase classname="com.example.demo.runner.TestRunner" name="runScenario" time="20.366"/>
</testsuite> <!-- com.example.demo.runner.TestRunner -->
