<?xml version="1.0" encoding="UTF-8"?>
<!-- Generated by org.testng.reporters.JUnitReportReporter -->
<testsuite hostname="fv-az840-674" failures="0" tests="2" name="com.example.demo.runner.TestRunner" time="36.072" errors="0" timestamp="2024-11-03T10:47:13 UTC" skipped="0">
  <testcase classname="com.example.demo.runner.TestRunner" name="runScenario" time="18.048"/>
  <testcase classname="com.example.demo.runner.TestRunner" name="runScenario" time="18.024"/>
</testsuite> <!-- com.example.demo.runner.TestRunner -->
