<?xml version="1.0" encoding="UTF-8"?>
<!-- Generated by org.testng.reporters.JUnitReportReporter -->
<testsuite hostname="fv-az695-385" failures="0" tests="2" name="com.example.demo.runner.TestRunner" time="18.469" errors="0" timestamp="2024-11-03T10:45:04 UTC" skipped="0">
  <testcase classname="com.example.demo.runner.TestRunner" name="runScenario" time="9.418"/>
  <testcase classname="com.example.demo.runner.TestRunner" name="runScenario" time="9.051"/>
</testsuite> <!-- com.example.demo.runner.TestRunner -->
