<?xml version="1.0" encoding="UTF-8"?>
<!-- Generated by org.testng.reporters.JUnitReportReporter -->
<testsuite hostname="fv-az732-443" failures="0" tests="2" name="com.example.demo.runner.TestRunner" time="52.906" errors="0" timestamp="2024-11-03T11:19:22 UTC" skipped="0">
  <testcase classname="com.example.demo.runner.TestRunner" name="runScenario" time="26.490"/>
  <testcase classname="com.example.demo.runner.TestRunner" name="runScenario" time="26.416"/>
</testsuite> <!-- com.example.demo.runner.TestRunner -->
